Flow report for rom_vga
Wed Nov 20 20:21:51 2024
Quartus Prime Version 23.1std.1 Build 993 05/14/2024 SC Lite Edition


---------------------
; Table of Contents ;
---------------------
  1. Legal Notice
  2. Flow Summary
  3. Flow Settings
  4. Flow Non-Default Global Settings
  5. Flow Elapsed Time
  6. Flow OS Summary
  7. Flow Log
  8. Flow Messages
  9. Flow Suppressed Messages



----------------
; Legal Notice ;
----------------
Copyright (C) 2024  Intel Corporation. All rights reserved.
Your use of Intel Corporation's design tools, logic functions 
and other software and tools, and any partner logic 
functions, and any output files from any of the foregoing 
(including device programming or simulation files), and any 
associated documentation or information are expressly subject 
to the terms and conditions of the Intel Program License 
Subscription Agreement, the Intel Quartus Prime License Agreement,
the Intel FPGA IP License Agreement, or other applicable license
agreement, including, without limitation, that your use is for
the sole purpose of programming logic devices manufactured by
Intel and sold by Intel or its authorized distributors.  Please
refer to the applicable agreement for further details, at
https://fpgasoftware.intel.com/eula.



+-------------------------------------------------------------------------------------+
; Flow Summary                                                                        ;
+------------------------------------+------------------------------------------------+
; Flow Status                        ; Successful - Wed Nov 20 20:21:51 2024          ;
; Quartus Prime Version              ; 23.1std.1 Build 993 05/14/2024 SC Lite Edition ;
; Revision Name                      ; rom_vga                                        ;
; Top-level Entity Name              ; rom_vga                                        ;
; Family                             ; Cyclone IV E                                   ;
; Device                             ; EP4CE10F17C8                                   ;
; Timing Models                      ; Final                                          ;
; Total logic elements               ; 178 / 10,320 ( 2 % )                           ;
;     Total combinational functions  ; 178 / 10,320 ( 2 % )                           ;
;     Dedicated logic registers      ; 45 / 10,320 ( < 1 % )                          ;
; Total registers                    ; 45                                             ;
; Total pins                         ; 20 / 180 ( 11 % )                              ;
; Total virtual pins                 ; 0                                              ;
; Total memory bits                  ; 262,144 / 423,936 ( 62 % )                     ;
; Embedded Multiplier 9-bit elements ; 0 / 46 ( 0 % )                                 ;
; Total PLLs                         ; 1 / 2 ( 50 % )                                 ;
+------------------------------------+------------------------------------------------+


+-----------------------------------------+
; Flow Settings                           ;
+-------------------+---------------------+
; Option            ; Setting             ;
+-------------------+---------------------+
; Start date & time ; 11/20/2024 20:21:32 ;
; Main task         ; Compilation         ;
; Revision Name     ; rom_vga             ;
+-------------------+---------------------+


+------------------------------------------------------------------------------------------------------------------------------------------------+
; Flow Non-Default Global Settings                                                                                                               ;
+-------------------------------------+----------------------------------------+---------------+-------------+-----------------------------------+
; Assignment Name                     ; Value                                  ; Default Value ; Entity Name ; Section Id                        ;
+-------------------------------------+----------------------------------------+---------------+-------------+-----------------------------------+
; COMPILER_SIGNATURE_ID               ; 176099064449083.173210529224544        ; --            ; --          ; --                                ;
; EDA_GENERATE_FUNCTIONAL_NETLIST     ; Off                                    ; --            ; --          ; eda_board_design_timing           ;
; EDA_GENERATE_FUNCTIONAL_NETLIST     ; Off                                    ; --            ; --          ; eda_board_design_boundary_scan    ;
; EDA_GENERATE_FUNCTIONAL_NETLIST     ; Off                                    ; --            ; --          ; eda_board_design_signal_integrity ;
; EDA_GENERATE_FUNCTIONAL_NETLIST     ; Off                                    ; --            ; --          ; eda_board_design_symbol           ;
; EDA_OUTPUT_DATA_FORMAT              ; Verilog Hdl                            ; --            ; --          ; eda_simulation                    ;
; EDA_SIMULATION_TOOL                 ; Questa Intel FPGA (Verilog)            ; <None>        ; --          ; --                                ;
; EDA_TIME_SCALE                      ; 1 ps                                   ; --            ; --          ; eda_simulation                    ;
; MAX_CORE_JUNCTION_TEMP              ; 85                                     ; --            ; --          ; --                                ;
; MIN_CORE_JUNCTION_TEMP              ; 0                                      ; --            ; --          ; --                                ;
; MISC_FILE                           ; ip_core/clk_gen/clk_gen_inst.v         ; --            ; --          ; --                                ;
; MISC_FILE                           ; ip_core/clk_gen/clk_gen.ppf            ; --            ; --          ; --                                ;
; MISC_FILE                           ; ip_core/rom_pic/rom_pic_inst.v         ; --            ; --          ; --                                ;
; NOMINAL_CORE_SUPPLY_VOLTAGE         ; 1.2V                                   ; --            ; --          ; --                                ;
; OUTPUT_IO_TIMING_FAR_END_VMEAS      ; Half Signal Swing                      ; --            ; --          ; --                                ;
; OUTPUT_IO_TIMING_FAR_END_VMEAS      ; Half Signal Swing                      ; --            ; --          ; --                                ;
; OUTPUT_IO_TIMING_NEAR_END_VMEAS     ; Half Vccio                             ; --            ; --          ; --                                ;
; OUTPUT_IO_TIMING_NEAR_END_VMEAS     ; Half Vccio                             ; --            ; --          ; --                                ;
; PARTITION_COLOR                     ; -- (Not supported for targeted family) ; --            ; --          ; Top                               ;
; PARTITION_FITTER_PRESERVATION_LEVEL ; -- (Not supported for targeted family) ; --            ; --          ; Top                               ;
; PARTITION_NETLIST_TYPE              ; -- (Not supported for targeted family) ; --            ; --          ; Top                               ;
; PROJECT_OUTPUT_DIRECTORY            ; output_files                           ; --            ; --          ; --                                ;
+-------------------------------------+----------------------------------------+---------------+-------------+-----------------------------------+


+--------------------------------------------------------------------------------------------------------------------------+
; Flow Elapsed Time                                                                                                        ;
+----------------------+--------------+-------------------------+---------------------+------------------------------------+
; Module Name          ; Elapsed Time ; Average Processors Used ; Peak Virtual Memory ; Total CPU Time (on all processors) ;
+----------------------+--------------+-------------------------+---------------------+------------------------------------+
; Analysis & Synthesis ; 00:00:08     ; 1.0                     ; 4835 MB             ; 00:00:05                           ;
; Fitter               ; 00:00:04     ; 1.1                     ; 6088 MB             ; 00:00:02                           ;
; Assembler            ; 00:00:01     ; 1.0                     ; 4699 MB             ; 00:00:00                           ;
; Timing Analyzer      ; 00:00:02     ; 1.2                     ; 4848 MB             ; 00:00:01                           ;
; EDA Netlist Writer   ; 00:00:00     ; 1.0                     ; 4648 MB             ; 00:00:00                           ;
; Total                ; 00:00:15     ; --                      ; --                  ; 00:00:08                           ;
+----------------------+--------------+-------------------------+---------------------+------------------------------------+


+------------------------------------------------------------------------------------+
; Flow OS Summary                                                                    ;
+----------------------+------------------+------------+------------+----------------+
; Module Name          ; Machine Hostname ; OS Name    ; OS Version ; Processor type ;
+----------------------+------------------+------------+------------+----------------+
; Analysis & Synthesis ; Ansen            ; Windows 10 ; 10.0       ; x86_64         ;
; Fitter               ; Ansen            ; Windows 10 ; 10.0       ; x86_64         ;
; Assembler            ; Ansen            ; Windows 10 ; 10.0       ; x86_64         ;
; Timing Analyzer      ; Ansen            ; Windows 10 ; 10.0       ; x86_64         ;
; EDA Netlist Writer   ; Ansen            ; Windows 10 ; 10.0       ; x86_64         ;
+----------------------+------------------+------------+------------+----------------+


------------
; Flow Log ;
------------
quartus_map --read_settings_files=on --write_settings_files=off rom_vga -c rom_vga
quartus_fit --read_settings_files=off --write_settings_files=off rom_vga -c rom_vga
quartus_asm --read_settings_files=off --write_settings_files=off rom_vga -c rom_vga
quartus_sta rom_vga -c rom_vga
quartus_eda --read_settings_files=off --write_settings_files=off rom_vga -c rom_vga



